<?xml version="1.0" encoding="UTF-8"?>
<testsuite xmlns:xsi="http://www.w3.org/2001/XMLSchema-instance" xsi:noNamespaceSchemaLocation="https://maven.apache.org/surefire/maven-surefire-plugin/xsd/surefire-test-report.xsd" name="org.my.example.AppTest" time="0.039" tests="1" errors="0" skipped="0" failures="0">
  <properties>
    <property name="java.specification.version" value="19"/>
    <property name="sun.cpu.isalist" value="amd64"/>
    <property name="sun.jnu.encoding" value="Cp1251"/>
    <property name="java.class.path" value="M:\projectsBackend\EvoAcademy\Section-4_Task-11-Maven\demoapp\target\test-classes;M:\projectsBackend\EvoAcademy\Section-4_Task-11-Maven\demoapp\target\classes;C:\Users\ZenBook\.m2\repository\junit\junit\4.11\junit-4.11.jar;C:\Users\ZenBook\.m2\repository\org\hamcrest\hamcrest-core\1.3\hamcrest-core-1.3.jar;"/>
    <property name="java.vm.vendor" value="BellSoft"/>
    <property name="sun.arch.data.model" value="64"/>
    <property name="user.variant" value=""/>
    <property name="java.vendor.url" value="https://bell-sw.com/"/>
    <property name="user.timezone" value="Europe/Moscow"/>
    <property name="os.name" value="Windows 11"/>
    <property name="java.vm.specification.version" value="19"/>
    <property name="sun.java.launcher" value="SUN_STANDARD"/>
    <property name="user.country" value="RU"/>
    <property name="sun.boot.library.path" value="M:\programsForBackend\jdk\bin"/>
    <property name="sun.java.command" value="C:\Users\ZenBook\AppData\Local\Temp\surefire4017186402459826690\surefirebooter16000438466432261671.jar C:\Users\ZenBook\AppData\Local\Temp\surefire4017186402459826690 2023-10-03T18-11-11_571-jvmRun1 surefire17045091813188724514tmp surefire_013533037869486633408tmp"/>
    <property name="jdk.debug" value="release"/>
    <property name="surefire.test.class.path" value="M:\projectsBackend\EvoAcademy\Section-4_Task-11-Maven\demoapp\target\test-classes;M:\projectsBackend\EvoAcademy\Section-4_Task-11-Maven\demoapp\target\classes;C:\Users\ZenBook\.m2\repository\junit\junit\4.11\junit-4.11.jar;C:\Users\ZenBook\.m2\repository\org\hamcrest\hamcrest-core\1.3\hamcrest-core-1.3.jar;"/>
    <property name="sun.cpu.endian" value="little"/>
    <property name="user.home" value="C:\Users\ZenBook"/>
    <property name="user.language" value="ru"/>
    <property name="java.specification.vendor" value="Oracle Corporation"/>
    <property name="java.version.date" value="2023-01-17"/>
    <property name="java.home" value="M:\programsForBackend\jdk"/>
    <property name="file.separator" value="\"/>
    <property name="basedir" value="M:\projectsBackend\EvoAcademy\Section-4_Task-11-Maven\demoapp"/>
    <property name="java.vm.compressedOopsMode" value="Zero based"/>
    <property name="line.separator" value="&#10;"/>
    <property name="java.vm.specification.vendor" value="Oracle Corporation"/>
    <property name="java.specification.name" value="Java Platform API Specification"/>
    <property name="surefire.real.class.path" value="C:\Users\ZenBook\AppData\Local\Temp\surefire4017186402459826690\surefirebooter16000438466432261671.jar"/>
    <property name="user.script" value=""/>
    <property name="sun.management.compiler" value="HotSpot 64-Bit Tiered Compilers"/>
    <property name="java.runtime.version" value="19.0.2+9"/>
    <property name="user.name" value="ZenBook"/>
    <property name="stdout.encoding" value="Cp1251"/>
    <property name="path.separator" value=";"/>
    <property name="os.version" value="10.0"/>
    <property name="java.runtime.name" value="OpenJDK Runtime Environment"/>
    <property name="file.encoding" value="UTF-8"/>
    <property name="java.vm.name" value="OpenJDK 64-Bit Server VM"/>
    <property name="localRepository" value="C:\Users\ZenBook\.m2\repository"/>
    <property name="java.vendor.url.bug" value="https://bell-sw.com/support"/>
    <property name="java.io.tmpdir" value="C:\Users\ZenBook\AppData\Local\Temp\"/>
    <property name="java.version" value="19.0.2"/>
    <property name="user.dir" value="M:\projectsBackend\EvoAcademy\Section-4_Task-11-Maven\demoapp"/>
    <property name="os.arch" value="amd64"/>
    <property name="java.vm.specification.name" value="Java Virtual Machine Specification"/>
    <property name="sun.os.patch.level" value=""/>
    <property name="native.encoding" value="Cp1251"/>
    <property name="java.library.path" value="M:\programsForBackend\jdk\bin;C:\Windows\Sun\Java\bin;C:\Windows\system32;C:\Windows;C:\Windows\system32;C:\Windows;C:\Windows\System32\Wbem;C:\Windows\System32\WindowsPowerShell\v1.0\;C:\Windows\System32\OpenSSH\;C:\Program Files (x86)\NVIDIA Corporation\PhysX\Common;C:\Program Files\NVIDIA Corporation\NVIDIA NvDLISR;C:\Program Files\Microsoft SQL Server\150\Tools\Binn\;M:\programsForBackend\Git\cmd;M:\programsForBackend\jdk\bin;C:\Program Files\Docker\Docker\resources\bin;C:\Program Files\Gradle\gradle-8.3\bin;C:\Program Files\Apache\apache-maven-3.9.4\bin;C:\Program Files\PuTTY\;C:\Program Files (x86)\Bitvise SSH Client;C:\Ruby30-x64\bin;C:\Users\ZenBook\AppData\Local\Microsoft\WindowsApps;C:\Users\ZenBook\AppData\Local\Programs\Microsoft VS Code\bin;M:\programsForBackend\JetBrains\IntelliJ IDEA 2023.1.3\bin;;M:\programsForBackend\JetBrains\DataGrip 2023.1.2\bin;;."/>
    <property name="java.vm.info" value="mixed mode, sharing"/>
    <property name="stderr.encoding" value="Cp1251"/>
    <property name="java.vendor" value="BellSoft"/>
    <property name="java.vm.version" value="19.0.2+9"/>
    <property name="sun.io.unicode.encoding" value="UnicodeLittle"/>
    <property name="java.class.version" value="63.0"/>
  </properties>
  <testcase name="shouldAnswerWithTrue" classname="org.my.example.AppTest" time="0.005"/>
</testsuite>